<?xml version="1.0" encoding="UTF-8"?>
<testsuite xmlns:xsi="http://www.w3.org/2001/XMLSchema-instance" xsi:schemaLocation="https://maven.apache.org/surefire/maven-surefire-plugin/xsd/surefire-test-report.xsd" name="TestSuite" time="12.997" tests="5" errors="0" skipped="0" failures="0">
  <properties>
    <property name="gridURL" value=""/>
    <property name="java.runtime.name" value="Java(TM) SE Runtime Environment"/>
    <property name="sun.boot.library.path" value="/usr/lib/jvm/java-8-oracle/jre/lib/amd64"/>
    <property name="java.vm.version" value="25.121-b13"/>
    <property name="browser" value="firefox"/>
    <property name="java.vm.vendor" value="Oracle Corporation"/>
    <property name="maven.multiModuleProjectDirectory" value="/home/andisan/IdeaProjects/Slumber"/>
    <property name="java.vendor.url" value="http://java.oracle.com/"/>
    <property name="path.separator" value=":"/>
    <property name="guice.disable.misplaced.annotation.check" value="true"/>
    <property name="java.vm.name" value="Java HotSpot(TM) 64-Bit Server VM"/>
    <property name="file.encoding.pkg" value="sun.io"/>
    <property name="user.country" value="US"/>
    <property name="sun.java.launcher" value="SUN_STANDARD"/>
    <property name="sun.os.patch.level" value="unknown"/>
    <property name="java.vm.specification.name" value="Java Virtual Machine Specification"/>
    <property name="user.dir" value="/home/andisan/IdeaProjects/Slumber"/>
    <property name="java.runtime.version" value="1.8.0_121-b13"/>
    <property name="java.awt.graphicsenv" value="sun.awt.X11GraphicsEnvironment"/>
    <property name="basedir" value="/home/andisan/IdeaProjects/Slumber"/>
    <property name="java.endorsed.dirs" value="/usr/lib/jvm/java-8-oracle/jre/lib/endorsed"/>
    <property name="os.arch" value="amd64"/>
    <property name="java.io.tmpdir" value="/tmp"/>
    <property name="line.separator" value="&#10;"/>
    <property name="java.vm.specification.vendor" value="Oracle Corporation"/>
    <property name="os.name" value="Linux"/>
    <property name="driverLocation" value="drivers/geckodriver"/>
    <property name="classworlds.conf" value="/usr/share/maven/bin/m2.conf"/>
    <property name="sun.jnu.encoding" value="UTF-8"/>
    <property name="java.library.path" value="/usr/java/packages/lib/amd64:/usr/lib64:/lib64:/lib:/usr/lib"/>
    <property name="surefire.test.class.path" value="/home/andisan/IdeaProjects/Slumber/target/test-classes:/home/andisan/IdeaProjects/Slumber/target/classes:/home/andisan/.m2/repository/junit/junit/4.12/junit-4.12.jar:/home/andisan/.m2/repository/org/hamcrest/hamcrest-core/1.3/hamcrest-core-1.3.jar:/home/andisan/.m2/repository/org/testng/testng/6.9.8/testng-6.9.8.jar:/home/andisan/.m2/repository/org/beanshell/bsh/2.0b4/bsh-2.0b4.jar:/home/andisan/.m2/repository/com/beust/jcommander/1.48/jcommander-1.48.jar:/home/andisan/.m2/repository/org/seleniumhq/selenium/selenium-server/3.0.0/selenium-server-3.0.0.jar:/home/andisan/.m2/repository/net/jcip/jcip-annotations/1.0/jcip-annotations-1.0.jar:/home/andisan/.m2/repository/org/seleniumhq/selenium/jetty-repacked/9.2.13.v20160825/jetty-repacked-9.2.13.v20160825.jar:/home/andisan/.m2/repository/javax/servlet/javax.servlet-api/3.1.0/javax.servlet-api-3.1.0.jar:/home/andisan/.m2/repository/org/seleniumhq/selenium/htmlunit-driver/2.23/htmlunit-driver-2.23.jar:/home/andisan/.m2/repository/net/sourceforge/htmlunit/htmlunit/2.23/htmlunit-2.23.jar:/home/andisan/.m2/repository/xalan/xalan/2.7.2/xalan-2.7.2.jar:/home/andisan/.m2/repository/xalan/serializer/2.7.2/serializer-2.7.2.jar:/home/andisan/.m2/repository/org/apache/commons/commons-lang3/3.4/commons-lang3-3.4.jar:/home/andisan/.m2/repository/net/sourceforge/htmlunit/htmlunit-core-js/2.23/htmlunit-core-js-2.23.jar:/home/andisan/.m2/repository/net/sourceforge/htmlunit/neko-htmlunit/2.23/neko-htmlunit-2.23.jar:/home/andisan/.m2/repository/xerces/xercesImpl/2.11.0/xercesImpl-2.11.0.jar:/home/andisan/.m2/repository/xml-apis/xml-apis/1.4.01/xml-apis-1.4.01.jar:/home/andisan/.m2/repository/net/sourceforge/cssparser/cssparser/0.9.20/cssparser-0.9.20.jar:/home/andisan/.m2/repository/org/w3c/css/sac/1.3/sac-1.3.jar:/home/andisan/.m2/repository/commons-io/commons-io/2.5/commons-io-2.5.jar:/home/andisan/.m2/repository/org/yaml/snakeyaml/1.15/snakeyaml-1.15.jar:/home/andisan/.m2/repository/org/seleniumhq/selenium/selenium-java/3.0.0/selenium-java-3.0.0.jar:/home/andisan/.m2/repository/org/seleniumhq/selenium/selenium-opera-driver/3.0.0/selenium-opera-driver-3.0.0.jar:/home/andisan/.m2/repository/org/seleniumhq/selenium/selenium-safari-driver/3.0.0/selenium-safari-driver-3.0.0.jar:/home/andisan/.m2/repository/io/netty/netty/3.5.7.Final/netty-3.5.7.Final.jar:/home/andisan/.m2/repository/org/seleniumhq/selenium/selenium-support/3.0.0/selenium-support-3.0.0.jar:/home/andisan/.m2/repository/com/codeborne/phantomjsdriver/1.3.0/phantomjsdriver-1.3.0.jar:/home/andisan/.m2/repository/org/seleniumhq/selenium/selenium-ie-driver/3.0.0/selenium-ie-driver-3.0.0.jar:/home/andisan/.m2/repository/org/seleniumhq/selenium/selenium-firefox-driver/3.0.0/selenium-firefox-driver-3.0.0.jar:/home/andisan/.m2/repository/org/seleniumhq/selenium/selenium-edge-driver/3.0.0/selenium-edge-driver-3.0.0.jar:/home/andisan/.m2/repository/org/seleniumhq/selenium/selenium-chrome-driver/3.0.0/selenium-chrome-driver-3.0.0.jar:/home/andisan/.m2/repository/org/seleniumhq/selenium/selenium-remote-driver/3.0.0/selenium-remote-driver-3.0.0.jar:/home/andisan/.m2/repository/org/seleniumhq/selenium/selenium-api/3.0.0/selenium-api-3.0.0.jar:/home/andisan/.m2/repository/cglib/cglib-nodep/3.2.4/cglib-nodep-3.2.4.jar:/home/andisan/.m2/repository/org/apache/commons/commons-exec/1.3/commons-exec-1.3.jar:/home/andisan/.m2/repository/com/google/code/gson/gson/2.3.1/gson-2.3.1.jar:/home/andisan/.m2/repository/org/apache/httpcomponents/httpmime/4.5.2/httpmime-4.5.2.jar:/home/andisan/.m2/repository/net/java/dev/jna/jna-platform/4.1.0/jna-platform-4.1.0.jar:/home/andisan/.m2/repository/net/java/dev/jna/jna/4.1.0/jna-4.1.0.jar:/home/andisan/.m2/repository/com/paulhammant/ngwebdriver/0.9.6/ngwebdriver-0.9.6.jar:/home/andisan/.m2/repository/org/eclipse/jetty/websocket/websocket-client/9.2.18.v20160721/websocket-client-9.2.18.v20160721.jar:/home/andisan/.m2/repository/org/eclipse/jetty/jetty-util/9.2.18.v20160721/jetty-util-9.2.18.v20160721.jar:/home/andisan/.m2/repository/org/eclipse/jetty/jetty-io/9.2.18.v20160721/jetty-io-9.2.18.v20160721.jar:/home/andisan/.m2/repository/org/eclipse/jetty/websocket/websocket-common/9.2.18.v20160721/websocket-common-9.2.18.v20160721.jar:/home/andisan/.m2/repository/org/eclipse/jetty/websocket/websocket-api/9.2.18.v20160721/websocket-api-9.2.18.v20160721.jar:/home/andisan/.m2/repository/com/google/guava/guava/20.0/guava-20.0.jar:/home/andisan/.m2/repository/org/apache/logging/log4j/log4j-api/2.7/log4j-api-2.7.jar:/home/andisan/.m2/repository/org/apache/logging/log4j/log4j-core/2.7/log4j-core-2.7.jar:/home/andisan/.m2/repository/com/fasterxml/jackson/core/jackson-core/2.8.5/jackson-core-2.8.5.jar:/home/andisan/.m2/repository/com/fasterxml/jackson/core/jackson-annotations/2.8.5/jackson-annotations-2.8.5.jar:/home/andisan/.m2/repository/com/fasterxml/jackson/core/jackson-databind/2.8.5/jackson-databind-2.8.5.jar:/home/andisan/.m2/repository/info/cukes/cucumber-java/1.2.5/cucumber-java-1.2.5.jar:/home/andisan/.m2/repository/info/cukes/cucumber-core/1.2.5/cucumber-core-1.2.5.jar:/home/andisan/.m2/repository/info/cukes/cucumber-html/0.2.3/cucumber-html-0.2.3.jar:/home/andisan/.m2/repository/info/cukes/cucumber-testng/1.2.5/cucumber-testng-1.2.5.jar:/home/andisan/.m2/repository/info/cukes/cucumber-picocontainer/1.2.5/cucumber-picocontainer-1.2.5.jar:/home/andisan/.m2/repository/info/cukes/cucumber-jvm-deps/1.0.5/cucumber-jvm-deps-1.0.5.jar:/home/andisan/.m2/repository/info/cukes/gherkin/2.12.2/gherkin-2.12.2.jar:/home/andisan/.m2/repository/org/picocontainer/picocontainer/2.15/picocontainer-2.15.jar:/home/andisan/.m2/repository/info/cukes/cucumber-junit/1.2.5/cucumber-junit-1.2.5.jar:/home/andisan/.m2/repository/com/aventstack/extentreports/3.0.1/extentreports-3.0.1.jar:/home/andisan/.m2/repository/org/freemarker/freemarker/2.3.23/freemarker-2.3.23.jar:/home/andisan/.m2/repository/org/mongodb/mongodb-driver/3.3.0/mongodb-driver-3.3.0.jar:/home/andisan/.m2/repository/org/mongodb/bson/3.3.0/bson-3.3.0.jar:/home/andisan/.m2/repository/org/mongodb/mongodb-driver-core/3.3.0/mongodb-driver-core-3.3.0.jar:/home/andisan/.m2/repository/org/apache/httpcomponents/httpclient/4.5.2/httpclient-4.5.2.jar:/home/andisan/.m2/repository/org/apache/httpcomponents/httpcore/4.4.4/httpcore-4.4.4.jar:/home/andisan/.m2/repository/commons-logging/commons-logging/1.2/commons-logging-1.2.jar:/home/andisan/.m2/repository/commons-codec/commons-codec/1.9/commons-codec-1.9.jar:/home/andisan/.m2/repository/org/jsoup/jsoup/1.9.2/jsoup-1.9.2.jar:/home/andisan/.m2/repository/org/apache/maven/surefire/surefire-testng-utils/2.19.1/surefire-testng-utils-2.19.1.jar:/home/andisan/.m2/repository/org/apache/maven/surefire/surefire-grouper/2.19.1/surefire-grouper-2.19.1.jar:"/>
    <property name="java.specification.name" value="Java Platform API Specification"/>
    <property name="java.class.version" value="52.0"/>
    <property name="sun.management.compiler" value="HotSpot 64-Bit Tiered Compilers"/>
    <property name="os.version" value="4.4.0-64-generic"/>
    <property name="user.home" value="/home/andisan"/>
    <property name="user.timezone" value="Asia/Makassar"/>
    <property name="java.awt.printerjob" value="sun.print.PSPrinterJob"/>
    <property name="java.specification.version" value="1.8"/>
    <property name="file.encoding" value="UTF-8"/>
    <property name="webdriver.gecko.driver" value="drivers/geckodriver"/>
    <property name="user.name" value="andisan"/>
    <property name="java.class.path" value="/usr/share/maven/boot/plexus-classworlds-2.x.jar"/>
    <property name="desiredBrowserVersion" value=""/>
    <property name="java.vm.specification.version" value="1.8"/>
    <property name="sun.arch.data.model" value="64"/>
    <property name="java.home" value="/usr/lib/jvm/java-8-oracle/jre"/>
    <property name="sun.java.command" value="org.codehaus.plexus.classworlds.launcher.Launcher test"/>
    <property name="java.specification.vendor" value="Oracle Corporation"/>
    <property name="user.language" value="en"/>
    <property name="awt.toolkit" value="sun.awt.X11.XToolkit"/>
    <property name="java.vm.info" value="mixed mode"/>
    <property name="java.version" value="1.8.0_121"/>
    <property name="java.ext.dirs" value="/usr/lib/jvm/java-8-oracle/jre/lib/ext:/usr/java/packages/lib/ext"/>
    <property name="securerandom.source" value="file:/dev/./urandom"/>
    <property name="sun.boot.class.path" value="/usr/lib/jvm/java-8-oracle/jre/lib/resources.jar:/usr/lib/jvm/java-8-oracle/jre/lib/rt.jar:/usr/lib/jvm/java-8-oracle/jre/lib/sunrsasign.jar:/usr/lib/jvm/java-8-oracle/jre/lib/jsse.jar:/usr/lib/jvm/java-8-oracle/jre/lib/jce.jar:/usr/lib/jvm/java-8-oracle/jre/lib/charsets.jar:/usr/lib/jvm/java-8-oracle/jre/lib/jfr.jar:/usr/lib/jvm/java-8-oracle/jre/classes"/>
    <property name="java.vendor" value="Oracle Corporation"/>
    <property name="maven.home" value="/usr/share/maven"/>
    <property name="localRepository" value="/home/andisan/.m2/repository"/>
    <property name="file.separator" value="/"/>
    <property name="java.vendor.url.bug" value="http://bugreport.sun.com/bugreport/"/>
    <property name="sun.cpu.endian" value="little"/>
    <property name="sun.io.unicode.encoding" value="UnicodeLittle"/>
    <property name="desiredPlatform" value=""/>
    <property name="remoteDriver" value="false"/>
    <property name="sun.desktop" value="gnome"/>
    <property name="sun.cpu.isalist" value=""/>
  </properties>
  <testcase name="testInitDriver" classname="org.automationtest.slumber.test.UnitTest" time="8.076"/>
  <testcase name="testPropertyFactory" classname="org.automationtest.slumber.test.UnitTest" time="0.002"/>
  <testcase name="testLogs" classname="org.automationtest.slumber.test.UnitTest" time="1.4"/>
  <testcase name="testBrowser" classname="org.automationtest.slumber.test.UnitTest" time="2.903"/>
  <testcase name="testWebObjects" classname="org.automationtest.slumber.test.UnitTest" time="0.285"/>
</testsuite>